  filetobuf.cpp
  main.cpp
C:\Users\neneee\computer_grapics-main\project_p\a_23\LoadWall.h(263,69): warning C4267: '인수': 'size_t'에서 'GLsizei'(으)로 변환하면서 데이터가 손실될 수 있습니다.
  (소스 파일 '../a_23/main.cpp'을(를) 컴파일하는 중)
  
C:\Users\neneee\computer_grapics-main\project_p\a_23\LoadBody.h(136,69): warning C4267: '인수': 'size_t'에서 'GLsizei'(으)로 변환하면서 데이터가 손실될 수 있습니다.
  (소스 파일 '../a_23/main.cpp'을(를) 컴파일하는 중)
  
C:\Users\neneee\computer_grapics-main\project_p\a_23\LoadBody1.h(122,51): warning C4305: '-=': 'double'에서 'T'(으)로 잘립니다.
C:\Users\neneee\computer_grapics-main\project_p\a_23\LoadBody1.h(122,51): warning C4305:         with
C:\Users\neneee\computer_grapics-main\project_p\a_23\LoadBody1.h(122,51): warning C4305:         [
C:\Users\neneee\computer_grapics-main\project_p\a_23\LoadBody1.h(122,51): warning C4305:             T=float
C:\Users\neneee\computer_grapics-main\project_p\a_23\LoadBody1.h(122,51): warning C4305:         ]
  (소스 파일 '../a_23/main.cpp'을(를) 컴파일하는 중)
  
C:\Users\neneee\computer_grapics-main\project_p\a_23\LoadBody1.h(124,51): warning C4305: '+=': 'double'에서 'T'(으)로 잘립니다.
C:\Users\neneee\computer_grapics-main\project_p\a_23\LoadBody1.h(124,51): warning C4305:         with
C:\Users\neneee\computer_grapics-main\project_p\a_23\LoadBody1.h(124,51): warning C4305:         [
C:\Users\neneee\computer_grapics-main\project_p\a_23\LoadBody1.h(124,51): warning C4305:             T=float
C:\Users\neneee\computer_grapics-main\project_p\a_23\LoadBody1.h(124,51): warning C4305:         ]
  (소스 파일 '../a_23/main.cpp'을(를) 컴파일하는 중)
  
C:\Users\neneee\computer_grapics-main\project_p\a_23\LoadBody1.h(129,55): warning C4305: '-=': 'double'에서 'T'(으)로 잘립니다.
C:\Users\neneee\computer_grapics-main\project_p\a_23\LoadBody1.h(129,55): warning C4305:         with
C:\Users\neneee\computer_grapics-main\project_p\a_23\LoadBody1.h(129,55): warning C4305:         [
C:\Users\neneee\computer_grapics-main\project_p\a_23\LoadBody1.h(129,55): warning C4305:             T=float
C:\Users\neneee\computer_grapics-main\project_p\a_23\LoadBody1.h(129,55): warning C4305:         ]
  (소스 파일 '../a_23/main.cpp'을(를) 컴파일하는 중)
  
C:\Users\neneee\computer_grapics-main\project_p\a_23\LoadBody1.h(140,55): warning C4305: '+=': 'double'에서 'T'(으)로 잘립니다.
C:\Users\neneee\computer_grapics-main\project_p\a_23\LoadBody1.h(140,55): warning C4305:         with
C:\Users\neneee\computer_grapics-main\project_p\a_23\LoadBody1.h(140,55): warning C4305:         [
C:\Users\neneee\computer_grapics-main\project_p\a_23\LoadBody1.h(140,55): warning C4305:             T=float
C:\Users\neneee\computer_grapics-main\project_p\a_23\LoadBody1.h(140,55): warning C4305:         ]
  (소스 파일 '../a_23/main.cpp'을(를) 컴파일하는 중)
  
C:\Users\neneee\computer_grapics-main\project_p\a_23\LoadBody1.h(148,69): warning C4267: '인수': 'size_t'에서 'GLsizei'(으)로 변환하면서 데이터가 손실될 수 있습니다.
  (소스 파일 '../a_23/main.cpp'을(를) 컴파일하는 중)
  
C:\Users\neneee\computer_grapics-main\project_p\a_23\LoadBody2.h(148,69): warning C4267: '인수': 'size_t'에서 'GLsizei'(으)로 변환하면서 데이터가 손실될 수 있습니다.
  (소스 파일 '../a_23/main.cpp'을(를) 컴파일하는 중)
  
C:\Users\neneee\computer_grapics-main\project_p\a_23\LoadBody3.h(148,69): warning C4267: '인수': 'size_t'에서 'GLsizei'(으)로 변환하면서 데이터가 손실될 수 있습니다.
  (소스 파일 '../a_23/main.cpp'을(를) 컴파일하는 중)
  
  코드를 생성하고 있습니다.
  Previous IPDB was built with incompatible compiler, fall back to full compilation.
  All 1677 functions were compiled because no usable IPDB/IOBJ from previous compilation was found.
  코드를 생성했습니다.
  a_23.vcxproj -> C:\Users\neneee\computer_grapics-main\project_p\x64\Release\a_23.exe
