c:\users\neneee\computer_grapics-main\project_p\a_23\x64\release\vc143.pdb
c:\users\neneee\computer_grapics-main\project_p\a_23\x64\release\main.obj
c:\users\neneee\computer_grapics-main\project_p\a_23\x64\release\filetobuf.obj
c:\users\kevin\mine\computer_grapics\project_p\a_23\x64\release\vc143.pdb
c:\users\kevin\mine\computer_grapics\project_p\a_23\x64\release\filetobuf.obj
c:\users\neneee\computer_grapics-main\project_p\x64\release\a_23.exe
c:\users\neneee\computer_grapics-main\project_p\x64\release\a_23.pdb
c:\users\neneee\computer_grapics-main\project_p\a_23\x64\release\a_23.ipdb
c:\users\neneee\computer_grapics-main\project_p\a_23\x64\release\a_23.iobj
c:\users\kevin\mine\computer_grapics\project_p\a_23\x64\release\main.obj
c:\users\kevin\mine\computer_grapics\project_p\a_23\x64\release\a_23.ipdb
c:\users\kevin\mine\computer_grapics\project_p\a_23\x64\release\a_23.iobj
c:\users\kevin\mine\computer_grapics\project_p\x64\release\a_23.pdb
c:\users\kevin\mine\computer_grapics\project_p\x64\release\a_23.exe
c:\users\kevin\mine\computer_grapics\project_p\a_23\x64\release\a_23.tlog\cl.command.1.tlog
c:\users\kevin\mine\computer_grapics\project_p\a_23\x64\release\a_23.tlog\cl.items.tlog
c:\users\kevin\mine\computer_grapics\project_p\a_23\x64\release\a_23.tlog\cl.read.1.tlog
c:\users\kevin\mine\computer_grapics\project_p\a_23\x64\release\a_23.tlog\cl.write.1.tlog
c:\users\kevin\mine\computer_grapics\project_p\a_23\x64\release\a_23.tlog\link.command.1.tlog
c:\users\kevin\mine\computer_grapics\project_p\a_23\x64\release\a_23.tlog\link.read.1.tlog
c:\users\kevin\mine\computer_grapics\project_p\a_23\x64\release\a_23.tlog\link.secondary.1.tlog
c:\users\kevin\mine\computer_grapics\project_p\a_23\x64\release\a_23.tlog\link.write.1.tlog
