c:\users\neneee\computer_grapics-main\project_p\x64\debug\a_3dprac.exe
c:\users\neneee\computer_grapics-main\project_p\x64\debug\a_3dprac.pdb
c:\users\neneee\computer_grapics-main\project_p\a_3dprac\x64\debug\vc143.pdb
c:\users\neneee\computer_grapics-main\project_p\a_3dprac\x64\debug\vc143.idb
c:\users\neneee\computer_grapics-main\project_p\a_3dprac\x64\debug\main.obj
c:\users\neneee\computer_grapics-main\project_p\a_3dprac\x64\debug\filetobuf.obj
c:\users\neneee\computer_grapics-main\project_p\a_3dprac\x64\debug\a_3dprac.ilk
c:\mac\home\documents\computer_grapics\project_p\a_3dprac\x64\debug\main.obj
c:\mac\home\documents\computer_grapics\project_p\a_3dprac\x64\debug\filetobuf.obj
c:\mac\home\documents\computer_grapics\project_p\a_3dprac\x64\debug\a_3dprac.ilk
c:\mac\home\documents\computer_grapics\project_p\a_3dprac\x64\debug\vc143.idb
c:\mac\home\documents\computer_grapics\project_p\a_3dprac\x64\debug\vc143.pdb
c:\mac\home\documents\computer_grapics\project_p\x64\debug\a_3dprac.pdb
c:\mac\home\documents\computer_grapics\project_p\x64\debug\a_3dprac.exe
c:\mac\home\documents\computer_grapics\project_p\a_3dprac\x64\debug\a_3dprac.tlog\link.read.1.tlog
c:\mac\home\documents\computer_grapics\project_p\a_3dprac\x64\debug\a_3dprac.tlog\link.command.1.tlog
c:\mac\home\documents\computer_grapics\project_p\a_3dprac\x64\debug\a_3dprac.tlog\link.write.1.tlog
c:\mac\home\documents\computer_grapics\project_p\a_3dprac\x64\debug\a_3dprac.tlog\cl.read.1.tlog
c:\mac\home\documents\computer_grapics\project_p\a_3dprac\x64\debug\a_3dprac.tlog\link.secondary.1.tlog
c:\mac\home\documents\computer_grapics\project_p\a_3dprac\x64\debug\a_3dprac.tlog\cl.command.1.tlog
c:\mac\home\documents\computer_grapics\project_p\a_3dprac\x64\debug\a_3dprac.tlog\cl.write.1.tlog
c:\mac\home\documents\computer_grapics\project_p\a_3dprac\x64\debug\a_3dprac.tlog\cl.items.tlog
