z:\ideaprojects\computer_grapics\project_p\x64\debug\glsl_p_1.exe
z:\ideaprojects\computer_grapics\project_p\x64\debug\glsl_p_1.pdb
c:\mac\home\documents\computer_grapics\project_p\x64\debug\glsl_p_1.pdb
z:\ideaprojects\computer_grapics\project_p\glsl_p_1\x64\debug\vc143.pdb
z:\ideaprojects\computer_grapics\project_p\glsl_p_1\x64\debug\vc143.idb
z:\ideaprojects\computer_grapics\project_p\glsl_p_1\x64\debug\main.obj
z:\ideaprojects\computer_grapics\project_p\glsl_p_1\x64\debug\filetobuf.obj
c:\mac\home\documents\computer_grapics\project_p\glsl_p_1\x64\debug\vc143.pdb
c:\mac\home\documents\computer_grapics\project_p\glsl_p_1\x64\debug\glsl_p_1.ilk
c:\mac\home\documents\computer_grapics\project_p\glsl_p_1\x64\debug\main.obj
c:\mac\home\documents\computer_grapics\project_p\glsl_p_1\x64\debug\filetobuf.obj
c:\mac\home\documents\computer_grapics\project_p\glsl_p_1\x64\debug\vc143.idb
c:\mac\home\documents\computer_grapics\project_p\x64\debug\glsl_p_1.exe
c:\mac\home\documents\computer_grapics\project_p\glsl_p_1\x64\debug\glsl_p_1.tlog\link.read.1.tlog
c:\mac\home\documents\computer_grapics\project_p\glsl_p_1\x64\debug\glsl_p_1.tlog\link.command.1.tlog
c:\mac\home\documents\computer_grapics\project_p\glsl_p_1\x64\debug\glsl_p_1.tlog\link.write.1.tlog
c:\mac\home\documents\computer_grapics\project_p\glsl_p_1\x64\debug\glsl_p_1.tlog\cl.read.1.tlog
c:\mac\home\documents\computer_grapics\project_p\glsl_p_1\x64\debug\glsl_p_1.tlog\link.secondary.1.tlog
c:\mac\home\documents\computer_grapics\project_p\glsl_p_1\x64\debug\glsl_p_1.tlog\cl.command.1.tlog
c:\mac\home\documents\computer_grapics\project_p\glsl_p_1\x64\debug\glsl_p_1.tlog\cl.write.1.tlog
c:\mac\home\documents\computer_grapics\project_p\glsl_p_1\x64\debug\glsl_p_1.tlog\cl.items.tlog
