c:\users\neneee\computer_grapics-main\project_p\x64\debug\whry.exe
c:\users\neneee\computer_grapics-main\project_p\x64\debug\whry.pdb
c:\users\neneee\computer_grapics-main\project_p\whry\x64\debug\vc143.pdb
c:\users\neneee\computer_grapics-main\project_p\whry\x64\debug\vc143.idb
c:\users\neneee\computer_grapics-main\project_p\whry\x64\debug\숙제1.obj
c:\users\neneee\computer_grapics-main\project_p\whry\x64\debug\main.obj
c:\users\neneee\computer_grapics-main\project_p\whry\x64\debug\whry.ilk
c:\mac\home\documents\computer_grapics\project_p\whry\x64\debug\main.obj
c:\mac\home\documents\computer_grapics\project_p\whry\x64\debug\숙제1.obj
c:\mac\home\documents\computer_grapics\project_p\whry\x64\debug\whry.ilk
c:\mac\home\documents\computer_grapics\project_p\whry\x64\debug\vc143.idb
c:\mac\home\documents\computer_grapics\project_p\whry\x64\debug\vc143.pdb
c:\mac\home\documents\computer_grapics\project_p\x64\debug\whry.pdb
c:\mac\home\documents\computer_grapics\project_p\x64\debug\whry.exe
c:\mac\home\documents\computer_grapics\project_p\whry\x64\debug\whry.tlog\link.read.1.tlog
c:\mac\home\documents\computer_grapics\project_p\whry\x64\debug\whry.tlog\link.command.1.tlog
c:\mac\home\documents\computer_grapics\project_p\whry\x64\debug\whry.tlog\link.write.1.tlog
c:\mac\home\documents\computer_grapics\project_p\whry\x64\debug\whry.tlog\cl.read.1.tlog
c:\mac\home\documents\computer_grapics\project_p\whry\x64\debug\whry.tlog\link.secondary.1.tlog
c:\mac\home\documents\computer_grapics\project_p\whry\x64\debug\whry.tlog\cl.command.1.tlog
c:\mac\home\documents\computer_grapics\project_p\whry\x64\debug\whry.tlog\cl.write.1.tlog
c:\mac\home\documents\computer_grapics\project_p\whry\x64\debug\whry.tlog\cl.items.tlog
