  filetobuf.cpp
  main.cpp
C:\Users\kevin\mine\computer_grapics\project_p\a_9\main.cpp(139,21): warning C4244: '초기화 중': 'double'에서 'float'(으)로 변환하면서 데이터가 손실될 수 있습니다.
C:\Users\kevin\mine\computer_grapics\project_p\a_9\main.cpp(333,17): warning C4305: '-=': 'double'에서 'float'(으)로 잘립니다.
main.obj : error LNK2001: 확인할 수 없는 외부 기호 __imp___glewEnableVertexAttribArray
main.obj : error LNK2001: 확인할 수 없는 외부 기호 __imp___glewBindVertexArray
main.obj : error LNK2001: 확인할 수 없는 외부 기호 __imp___glewUseProgram
main.obj : error LNK2001: 확인할 수 없는 외부 기호 __imp___glewVertexAttribPointer
main.obj : error LNK2001: 확인할 수 없는 외부 기호 __imp___glewGetShaderiv
main.obj : error LNK2001: 확인할 수 없는 외부 기호 __imp___glewCompileShader
main.obj : error LNK2001: 확인할 수 없는 외부 기호 __imp___glewCreateShader
main.obj : error LNK2001: 확인할 수 없는 외부 기호 __imp___glewBindBuffer
main.obj : error LNK2001: 확인할 수 없는 외부 기호 __imp___glewCreateProgram
main.obj : error LNK2001: 확인할 수 없는 외부 기호 __imp___glewGetShaderInfoLog
main.obj : error LNK2001: 확인할 수 없는 외부 기호 __imp___glewBufferData
main.obj : error LNK2001: 확인할 수 없는 외부 기호 __imp___glewAttachShader
main.obj : error LNK2001: 확인할 수 없는 외부 기호 __imp___glewShaderSource
main.obj : error LNK2001: 확인할 수 없는 외부 기호 __imp___glewGenVertexArrays
main.obj : error LNK2001: 확인할 수 없는 외부 기호 __imp_glewExperimental
main.obj : error LNK2001: 확인할 수 없는 외부 기호 __imp___glewGenBuffers
main.obj : error LNK2001: 확인할 수 없는 외부 기호 __imp___glewDeleteShader
main.obj : error LNK2001: 확인할 수 없는 외부 기호 __imp___glewLinkProgram
main.obj : error LNK2001: 확인할 수 없는 외부 기호 __imp_glewInit
C:\Users\kevin\mine\computer_grapics\project_p\x64\Release\a_9.exe : fatal error LNK1120: 19개의 확인할 수 없는 외부 참조입니다.
