c:\users\kevin\mine\computer_grapics\project_p\opengl_template_v5\x64\release\vc143.pdb
c:\users\kevin\mine\computer_grapics\project_p\opengl_template_v5\x64\release\main.obj
c:\users\kevin\mine\computer_grapics\project_p\opengl_template_v5\x64\release\filetobuf.obj
c:\users\neneee\computer_grapics-main\project_p\opengl_template_v5\x64\release\vc143.pdb
c:\users\neneee\computer_grapics-main\project_p\opengl_template_v5\x64\release\main.obj
c:\users\neneee\computer_grapics-main\project_p\opengl_template_v5\x64\release\filetobuf.obj
c:\users\neneee\computer_grapics-main\project_p\x64\release\opengl_template_v5.exe
c:\users\neneee\computer_grapics-main\project_p\x64\release\opengl_template_v5.pdb
c:\users\neneee\computer_grapics-main\project_p\opengl_template_v5\x64\release\opengl_template_v5.ipdb
c:\users\neneee\computer_grapics-main\project_p\opengl_template_v5\x64\release\opengl_template_v5.iobj
c:\users\kevin\mine\computer_grapics\project_p\opengl_template_v5\x64\release\opengl_template_v5.ipdb
c:\users\kevin\mine\computer_grapics\project_p\opengl_template_v5\x64\release\opengl_template_v5.iobj
c:\users\kevin\mine\computer_grapics\project_p\x64\release\opengl_template_v5.pdb
c:\users\kevin\mine\computer_grapics\project_p\x64\release\opengl_template_v5.exe
c:\users\kevin\mine\computer_grapics\project_p\opengl_template_v5\x64\release\opengl_t.3400a632.tlog\cl.command.1.tlog
c:\users\kevin\mine\computer_grapics\project_p\opengl_template_v5\x64\release\opengl_t.3400a632.tlog\cl.items.tlog
c:\users\kevin\mine\computer_grapics\project_p\opengl_template_v5\x64\release\opengl_t.3400a632.tlog\cl.read.1.tlog
c:\users\kevin\mine\computer_grapics\project_p\opengl_template_v5\x64\release\opengl_t.3400a632.tlog\cl.write.1.tlog
c:\users\kevin\mine\computer_grapics\project_p\opengl_template_v5\x64\release\opengl_t.3400a632.tlog\link.command.1.tlog
c:\users\kevin\mine\computer_grapics\project_p\opengl_template_v5\x64\release\opengl_t.3400a632.tlog\link.read.1.tlog
c:\users\kevin\mine\computer_grapics\project_p\opengl_template_v5\x64\release\opengl_t.3400a632.tlog\link.secondary.1.tlog
c:\users\kevin\mine\computer_grapics\project_p\opengl_template_v5\x64\release\opengl_t.3400a632.tlog\link.write.1.tlog
