  main.cpp
C:\Users\kevin\mine\computer_grapics\project_p\a_22\main.cpp(226,23): warning C4267: '인수': 'size_t'에서 '_Ty'(으)로 변환하면서 데이터가 손실될 수 있습니다.
C:\Users\kevin\mine\computer_grapics\project_p\a_22\main.cpp(226,23): warning C4267:         with
C:\Users\kevin\mine\computer_grapics\project_p\a_22\main.cpp(226,23): warning C4267:         [
C:\Users\kevin\mine\computer_grapics\project_p\a_22\main.cpp(226,23): warning C4267:             _Ty=unsigned int
C:\Users\kevin\mine\computer_grapics\project_p\a_22\main.cpp(226,23): warning C4267:         ]
C:\Users\kevin\mine\computer_grapics\project_p\a_22\main.cpp(227,27): warning C4267: '인수': 'size_t'에서 '_Ty'(으)로 변환하면서 데이터가 손실될 수 있습니다.
C:\Users\kevin\mine\computer_grapics\project_p\a_22\main.cpp(227,27): warning C4267:         with
C:\Users\kevin\mine\computer_grapics\project_p\a_22\main.cpp(227,27): warning C4267:         [
C:\Users\kevin\mine\computer_grapics\project_p\a_22\main.cpp(227,27): warning C4267:             _Ty=unsigned int
C:\Users\kevin\mine\computer_grapics\project_p\a_22\main.cpp(227,27): warning C4267:         ]
C:\Users\kevin\mine\computer_grapics\project_p\a_22\main.cpp(228,27): warning C4267: '인수': 'size_t'에서 '_Ty'(으)로 변환하면서 데이터가 손실될 수 있습니다.
C:\Users\kevin\mine\computer_grapics\project_p\a_22\main.cpp(228,27): warning C4267:         with
C:\Users\kevin\mine\computer_grapics\project_p\a_22\main.cpp(228,27): warning C4267:         [
C:\Users\kevin\mine\computer_grapics\project_p\a_22\main.cpp(228,27): warning C4267:             _Ty=unsigned int
C:\Users\kevin\mine\computer_grapics\project_p\a_22\main.cpp(228,27): warning C4267:         ]
C:\Users\kevin\mine\computer_grapics\project_p\a_22\main.cpp(296,23): warning C4267: '인수': 'size_t'에서 '_Ty'(으)로 변환하면서 데이터가 손실될 수 있습니다.
C:\Users\kevin\mine\computer_grapics\project_p\a_22\main.cpp(296,23): warning C4267:         with
C:\Users\kevin\mine\computer_grapics\project_p\a_22\main.cpp(296,23): warning C4267:         [
C:\Users\kevin\mine\computer_grapics\project_p\a_22\main.cpp(296,23): warning C4267:             _Ty=unsigned int
C:\Users\kevin\mine\computer_grapics\project_p\a_22\main.cpp(296,23): warning C4267:         ]
C:\Users\kevin\mine\computer_grapics\project_p\a_22\main.cpp(297,27): warning C4267: '인수': 'size_t'에서 '_Ty'(으)로 변환하면서 데이터가 손실될 수 있습니다.
C:\Users\kevin\mine\computer_grapics\project_p\a_22\main.cpp(297,27): warning C4267:         with
C:\Users\kevin\mine\computer_grapics\project_p\a_22\main.cpp(297,27): warning C4267:         [
C:\Users\kevin\mine\computer_grapics\project_p\a_22\main.cpp(297,27): warning C4267:             _Ty=unsigned int
C:\Users\kevin\mine\computer_grapics\project_p\a_22\main.cpp(297,27): warning C4267:         ]
C:\Users\kevin\mine\computer_grapics\project_p\a_22\main.cpp(298,27): warning C4267: '인수': 'size_t'에서 '_Ty'(으)로 변환하면서 데이터가 손실될 수 있습니다.
C:\Users\kevin\mine\computer_grapics\project_p\a_22\main.cpp(298,27): warning C4267:         with
C:\Users\kevin\mine\computer_grapics\project_p\a_22\main.cpp(298,27): warning C4267:         [
C:\Users\kevin\mine\computer_grapics\project_p\a_22\main.cpp(298,27): warning C4267:             _Ty=unsigned int
C:\Users\kevin\mine\computer_grapics\project_p\a_22\main.cpp(298,27): warning C4267:         ]
C:\Users\kevin\mine\computer_grapics\project_p\a_22\main.cpp(340,20): warning C4244: '초기화 중': 'double'에서 'float'(으)로 변환하면서 데이터가 손실될 수 있습니다.
C:\Users\kevin\mine\computer_grapics\project_p\a_22\main.cpp(345,22): warning C4244: '초기화 중': 'double'에서 'float'(으)로 변환하면서 데이터가 손실될 수 있습니다.
C:\Users\kevin\mine\computer_grapics\project_p\a_22\main.cpp(485,56): warning C4267: '인수': 'size_t'에서 'GLsizei'(으)로 변환하면서 데이터가 손실될 수 있습니다.
C:\Users\kevin\mine\computer_grapics\project_p\a_22\main.cpp(495,50): warning C4267: '인수': 'size_t'에서 'GLsizei'(으)로 변환하면서 데이터가 손실될 수 있습니다.
C:\Users\kevin\mine\computer_grapics\project_p\a_22\main.cpp(647,18): warning C4305: '+=': 'double'에서 'T'(으)로 잘립니다.
C:\Users\kevin\mine\computer_grapics\project_p\a_22\main.cpp(647,18): warning C4305:         with
C:\Users\kevin\mine\computer_grapics\project_p\a_22\main.cpp(647,18): warning C4305:         [
C:\Users\kevin\mine\computer_grapics\project_p\a_22\main.cpp(647,18): warning C4305:             T=float
C:\Users\kevin\mine\computer_grapics\project_p\a_22\main.cpp(647,18): warning C4305:         ]
C:\Users\kevin\mine\computer_grapics\project_p\a_22\main.cpp(650,18): warning C4305: '-=': 'double'에서 'T'(으)로 잘립니다.
C:\Users\kevin\mine\computer_grapics\project_p\a_22\main.cpp(650,18): warning C4305:         with
C:\Users\kevin\mine\computer_grapics\project_p\a_22\main.cpp(650,18): warning C4305:         [
C:\Users\kevin\mine\computer_grapics\project_p\a_22\main.cpp(650,18): warning C4305:             T=float
C:\Users\kevin\mine\computer_grapics\project_p\a_22\main.cpp(650,18): warning C4305:         ]
C:\Users\kevin\mine\computer_grapics\project_p\a_22\main.cpp(692,6): warning C4326: 'main'의 반환 형식이 'int'이어야 하는데 'void'입니다.
  코드를 생성하고 있습니다.
  1 of 408 functions ( 0.2%) were compiled, the rest were copied from previous compilation.
    0 functions were new in current compilation
    1 functions had inline decision re-evaluated but remain unchanged
  코드를 생성했습니다.
  a_22.vcxproj -> C:\Users\kevin\mine\computer_grapics\project_p\x64\Release\a_22.exe
