c:\users\neneee\computer_grapics\project_p\x64\debug\project_p.exe
c:\users\neneee\computer_grapics\project_p\x64\debug\project_p.pdb
c:\users\neneee\computer_grapics\project_p\project_p\x64\debug\vc143.pdb
c:\users\neneee\computer_grapics\project_p\project_p\x64\debug\vc143.idb
c:\users\neneee\computer_grapics\project_p\project_p\x64\debug\main.obj
c:\users\neneee\computer_grapics\project_p\project_p\x64\debug\project_p.ilk
z:\ideaprojects\computer_grapics\project_p\project_p\x64\debug\main.obj
z:\ideaprojects\computer_grapics\project_p\project_p\x64\debug\project_p.ilk
z:\ideaprojects\computer_grapics\project_p\project_p\x64\debug\vc143.idb
z:\ideaprojects\computer_grapics\project_p\project_p\x64\debug\vc143.pdb
z:\ideaprojects\computer_grapics\project_p\x64\debug\project_p.pdb
z:\ideaprojects\computer_grapics\project_p\x64\debug\project_p.exe
z:\ideaprojects\computer_grapics\project_p\project_p\x64\debug\project_p.tlog\link.read.1.tlog
z:\ideaprojects\computer_grapics\project_p\project_p\x64\debug\project_p.tlog\link.command.1.tlog
z:\ideaprojects\computer_grapics\project_p\project_p\x64\debug\project_p.tlog\link.write.1.tlog
z:\ideaprojects\computer_grapics\project_p\project_p\x64\debug\project_p.tlog\cl.read.1.tlog
z:\ideaprojects\computer_grapics\project_p\project_p\x64\debug\project_p.tlog\link.secondary.1.tlog
z:\ideaprojects\computer_grapics\project_p\project_p\x64\debug\project_p.tlog\cl.command.1.tlog
z:\ideaprojects\computer_grapics\project_p\project_p\x64\debug\project_p.tlog\cl.write.1.tlog
z:\ideaprojects\computer_grapics\project_p\project_p\x64\debug\project_p.tlog\cl.items.tlog
