  filetobuf.cpp
  main.cpp
  코드를 생성하고 있습니다...
BulletCollision.lib(btCollisionDispatcher.obj) : error LNK2038: '_ITERATOR_DEBUG_LEVEL'에 대해 불일치가 검색되었습니다. '0' 값이 '2'(filetobuf.obj에 위치) 값과 일치하지 않습니다.
BulletCollision.lib(btCollisionDispatcher.obj) : error LNK2038: 'RuntimeLibrary'에 대해 불일치가 검색되었습니다. 'MD_DynamicRelease' 값이 'MDd_DynamicDebug'(filetobuf.obj에 위치) 값과 일치하지 않습니다.
BulletCollision.lib(btCollisionShape.obj) : error LNK2038: '_ITERATOR_DEBUG_LEVEL'에 대해 불일치가 검색되었습니다. '0' 값이 '2'(filetobuf.obj에 위치) 값과 일치하지 않습니다.
BulletCollision.lib(btCollisionShape.obj) : error LNK2038: 'RuntimeLibrary'에 대해 불일치가 검색되었습니다. 'MD_DynamicRelease' 값이 'MDd_DynamicDebug'(filetobuf.obj에 위치) 값과 일치하지 않습니다.
BulletCollision.lib(btConvexShape.obj) : error LNK2038: '_ITERATOR_DEBUG_LEVEL'에 대해 불일치가 검색되었습니다. '0' 값이 '2'(filetobuf.obj에 위치) 값과 일치하지 않습니다.
BulletCollision.lib(btConvexShape.obj) : error LNK2038: 'RuntimeLibrary'에 대해 불일치가 검색되었습니다. 'MD_DynamicRelease' 값이 'MDd_DynamicDebug'(filetobuf.obj에 위치) 값과 일치하지 않습니다.
BulletCollision.lib(btDefaultCollisionConfiguration.obj) : error LNK2038: '_ITERATOR_DEBUG_LEVEL'에 대해 불일치가 검색되었습니다. '0' 값이 '2'(filetobuf.obj에 위치) 값과 일치하지 않습니다.
BulletCollision.lib(btDefaultCollisionConfiguration.obj) : error LNK2038: 'RuntimeLibrary'에 대해 불일치가 검색되었습니다. 'MD_DynamicRelease' 값이 'MDd_DynamicDebug'(filetobuf.obj에 위치) 값과 일치하지 않습니다.
BulletCollision.lib(btDbvtBroadphase.obj) : error LNK2038: '_ITERATOR_DEBUG_LEVEL'에 대해 불일치가 검색되었습니다. '0' 값이 '2'(filetobuf.obj에 위치) 값과 일치하지 않습니다.
BulletCollision.lib(btDbvtBroadphase.obj) : error LNK2038: 'RuntimeLibrary'에 대해 불일치가 검색되었습니다. 'MD_DynamicRelease' 값이 'MDd_DynamicDebug'(filetobuf.obj에 위치) 값과 일치하지 않습니다.
BulletCollision.lib(btPersistentManifold.obj) : error LNK2038: '_ITERATOR_DEBUG_LEVEL'에 대해 불일치가 검색되었습니다. '0' 값이 '2'(filetobuf.obj에 위치) 값과 일치하지 않습니다.
BulletCollision.lib(btPersistentManifold.obj) : error LNK2038: 'RuntimeLibrary'에 대해 불일치가 검색되었습니다. 'MD_DynamicRelease' 값이 'MDd_DynamicDebug'(filetobuf.obj에 위치) 값과 일치하지 않습니다.
BulletCollision.lib(btManifoldResult.obj) : error LNK2038: '_ITERATOR_DEBUG_LEVEL'에 대해 불일치가 검색되었습니다. '0' 값이 '2'(filetobuf.obj에 위치) 값과 일치하지 않습니다.
BulletCollision.lib(btManifoldResult.obj) : error LNK2038: 'RuntimeLibrary'에 대해 불일치가 검색되었습니다. 'MD_DynamicRelease' 값이 'MDd_DynamicDebug'(filetobuf.obj에 위치) 값과 일치하지 않습니다.
BulletCollision.lib(btPolyhedralConvexShape.obj) : error LNK2038: '_ITERATOR_DEBUG_LEVEL'에 대해 불일치가 검색되었습니다. '0' 값이 '2'(filetobuf.obj에 위치) 값과 일치하지 않습니다.
BulletCollision.lib(btPolyhedralConvexShape.obj) : error LNK2038: 'RuntimeLibrary'에 대해 불일치가 검색되었습니다. 'MD_DynamicRelease' 값이 'MDd_DynamicDebug'(filetobuf.obj에 위치) 값과 일치하지 않습니다.
BulletCollision.lib(btConvexConvexAlgorithm.obj) : error LNK2038: '_ITERATOR_DEBUG_LEVEL'에 대해 불일치가 검색되었습니다. '0' 값이 '2'(filetobuf.obj에 위치) 값과 일치하지 않습니다.
BulletCollision.lib(btConvexConvexAlgorithm.obj) : error LNK2038: 'RuntimeLibrary'에 대해 불일치가 검색되었습니다. 'MD_DynamicRelease' 값이 'MDd_DynamicDebug'(filetobuf.obj에 위치) 값과 일치하지 않습니다.
BulletCollision.lib(btEmptyCollisionAlgorithm.obj) : error LNK2038: '_ITERATOR_DEBUG_LEVEL'에 대해 불일치가 검색되었습니다. '0' 값이 '2'(filetobuf.obj에 위치) 값과 일치하지 않습니다.
BulletCollision.lib(btEmptyCollisionAlgorithm.obj) : error LNK2038: 'RuntimeLibrary'에 대해 불일치가 검색되었습니다. 'MD_DynamicRelease' 값이 'MDd_DynamicDebug'(filetobuf.obj에 위치) 값과 일치하지 않습니다.
BulletCollision.lib(btConvexConcaveCollisionAlgorithm.obj) : error LNK2038: '_ITERATOR_DEBUG_LEVEL'에 대해 불일치가 검색되었습니다. '0' 값이 '2'(filetobuf.obj에 위치) 값과 일치하지 않습니다.
BulletCollision.lib(btConvexConcaveCollisionAlgorithm.obj) : error LNK2038: 'RuntimeLibrary'에 대해 불일치가 검색되었습니다. 'MD_DynamicRelease' 값이 'MDd_DynamicDebug'(filetobuf.obj에 위치) 값과 일치하지 않습니다.
BulletCollision.lib(btCompoundCollisionAlgorithm.obj) : error LNK2038: '_ITERATOR_DEBUG_LEVEL'에 대해 불일치가 검색되었습니다. '0' 값이 '2'(filetobuf.obj에 위치) 값과 일치하지 않습니다.
BulletCollision.lib(btCompoundCollisionAlgorithm.obj) : error LNK2038: 'RuntimeLibrary'에 대해 불일치가 검색되었습니다. 'MD_DynamicRelease' 값이 'MDd_DynamicDebug'(filetobuf.obj에 위치) 값과 일치하지 않습니다.
BulletCollision.lib(btCompoundCompoundCollisionAlgorithm.obj) : error LNK2038: '_ITERATOR_DEBUG_LEVEL'에 대해 불일치가 검색되었습니다. '0' 값이 '2'(filetobuf.obj에 위치) 값과 일치하지 않습니다.
BulletCollision.lib(btCompoundCompoundCollisionAlgorithm.obj) : error LNK2038: 'RuntimeLibrary'에 대해 불일치가 검색되었습니다. 'MD_DynamicRelease' 값이 'MDd_DynamicDebug'(filetobuf.obj에 위치) 값과 일치하지 않습니다.
BulletCollision.lib(btConvexPlaneCollisionAlgorithm.obj) : error LNK2038: '_ITERATOR_DEBUG_LEVEL'에 대해 불일치가 검색되었습니다. '0' 값이 '2'(filetobuf.obj에 위치) 값과 일치하지 않습니다.
BulletCollision.lib(btConvexPlaneCollisionAlgorithm.obj) : error LNK2038: 'RuntimeLibrary'에 대해 불일치가 검색되었습니다. 'MD_DynamicRelease' 값이 'MDd_DynamicDebug'(filetobuf.obj에 위치) 값과 일치하지 않습니다.
BulletCollision.lib(btBoxBoxCollisionAlgorithm.obj) : error LNK2038: '_ITERATOR_DEBUG_LEVEL'에 대해 불일치가 검색되었습니다. '0' 값이 '2'(filetobuf.obj에 위치) 값과 일치하지 않습니다.
BulletCollision.lib(btBoxBoxCollisionAlgorithm.obj) : error LNK2038: 'RuntimeLibrary'에 대해 불일치가 검색되었습니다. 'MD_DynamicRelease' 값이 'MDd_DynamicDebug'(filetobuf.obj에 위치) 값과 일치하지 않습니다.
BulletCollision.lib(btSphereSphereCollisionAlgorithm.obj) : error LNK2038: '_ITERATOR_DEBUG_LEVEL'에 대해 불일치가 검색되었습니다. '0' 값이 '2'(filetobuf.obj에 위치) 값과 일치하지 않습니다.
BulletCollision.lib(btSphereSphereCollisionAlgorithm.obj) : error LNK2038: 'RuntimeLibrary'에 대해 불일치가 검색되었습니다. 'MD_DynamicRelease' 값이 'MDd_DynamicDebug'(filetobuf.obj에 위치) 값과 일치하지 않습니다.
BulletCollision.lib(btSphereTriangleCollisionAlgorithm.obj) : error LNK2038: '_ITERATOR_DEBUG_LEVEL'에 대해 불일치가 검색되었습니다. '0' 값이 '2'(filetobuf.obj에 위치) 값과 일치하지 않습니다.
BulletCollision.lib(btSphereTriangleCollisionAlgorithm.obj) : error LNK2038: 'RuntimeLibrary'에 대해 불일치가 검색되었습니다. 'MD_DynamicRelease' 값이 'MDd_DynamicDebug'(filetobuf.obj에 위치) 값과 일치하지 않습니다.
BulletCollision.lib(btDbvt.obj) : error LNK2038: '_ITERATOR_DEBUG_LEVEL'에 대해 불일치가 검색되었습니다. '0' 값이 '2'(filetobuf.obj에 위치) 값과 일치하지 않습니다.
BulletCollision.lib(btDbvt.obj) : error LNK2038: 'RuntimeLibrary'에 대해 불일치가 검색되었습니다. 'MD_DynamicRelease' 값이 'MDd_DynamicDebug'(filetobuf.obj에 위치) 값과 일치하지 않습니다.
BulletCollision.lib(btOverlappingPairCache.obj) : error LNK2038: '_ITERATOR_DEBUG_LEVEL'에 대해 불일치가 검색되었습니다. '0' 값이 '2'(filetobuf.obj에 위치) 값과 일치하지 않습니다.
BulletCollision.lib(btOverlappingPairCache.obj) : error LNK2038: 'RuntimeLibrary'에 대해 불일치가 검색되었습니다. 'MD_DynamicRelease' 값이 'MDd_DynamicDebug'(filetobuf.obj에 위치) 값과 일치하지 않습니다.
BulletCollision.lib(btConvexPolyhedron.obj) : error LNK2038: '_ITERATOR_DEBUG_LEVEL'에 대해 불일치가 검색되었습니다. '0' 값이 '2'(filetobuf.obj에 위치) 값과 일치하지 않습니다.
BulletCollision.lib(btConvexPolyhedron.obj) : error LNK2038: 'RuntimeLibrary'에 대해 불일치가 검색되었습니다. 'MD_DynamicRelease' 값이 'MDd_DynamicDebug'(filetobuf.obj에 위치) 값과 일치하지 않습니다.
BulletCollision.lib(btActivatingCollisionAlgorithm.obj) : error LNK2038: '_ITERATOR_DEBUG_LEVEL'에 대해 불일치가 검색되었습니다. '0' 값이 '2'(filetobuf.obj에 위치) 값과 일치하지 않습니다.
BulletCollision.lib(btActivatingCollisionAlgorithm.obj) : error LNK2038: 'RuntimeLibrary'에 대해 불일치가 검색되었습니다. 'MD_DynamicRelease' 값이 'MDd_DynamicDebug'(filetobuf.obj에 위치) 값과 일치하지 않습니다.
BulletCollision.lib(btPolyhedralContactClipping.obj) : error LNK2038: '_ITERATOR_DEBUG_LEVEL'에 대해 불일치가 검색되었습니다. '0' 값이 '2'(filetobuf.obj에 위치) 값과 일치하지 않습니다.
BulletCollision.lib(btPolyhedralContactClipping.obj) : error LNK2038: 'RuntimeLibrary'에 대해 불일치가 검색되었습니다. 'MD_DynamicRelease' 값이 'MDd_DynamicDebug'(filetobuf.obj에 위치) 값과 일치하지 않습니다.
BulletCollision.lib(btCollisionAlgorithm.obj) : error LNK2038: '_ITERATOR_DEBUG_LEVEL'에 대해 불일치가 검색되었습니다. '0' 값이 '2'(filetobuf.obj에 위치) 값과 일치하지 않습니다.
BulletCollision.lib(btCollisionAlgorithm.obj) : error LNK2038: 'RuntimeLibrary'에 대해 불일치가 검색되었습니다. 'MD_DynamicRelease' 값이 'MDd_DynamicDebug'(filetobuf.obj에 위치) 값과 일치하지 않습니다.
BulletCollision.lib(btSdfCollisionShape.obj) : error LNK2038: '_ITERATOR_DEBUG_LEVEL'에 대해 불일치가 검색되었습니다. '0' 값이 '2'(filetobuf.obj에 위치) 값과 일치하지 않습니다.
BulletCollision.lib(btSdfCollisionShape.obj) : error LNK2038: 'RuntimeLibrary'에 대해 불일치가 검색되었습니다. 'MD_DynamicRelease' 값이 'MDd_DynamicDebug'(filetobuf.obj에 위치) 값과 일치하지 않습니다.
BulletCollision.lib(btHashedSimplePairCache.obj) : error LNK2038: '_ITERATOR_DEBUG_LEVEL'에 대해 불일치가 검색되었습니다. '0' 값이 '2'(filetobuf.obj에 위치) 값과 일치하지 않습니다.
BulletCollision.lib(btHashedSimplePairCache.obj) : error LNK2038: 'RuntimeLibrary'에 대해 불일치가 검색되었습니다. 'MD_DynamicRelease' 값이 'MDd_DynamicDebug'(filetobuf.obj에 위치) 값과 일치하지 않습니다.
BulletCollision.lib(btMiniSDF.obj) : error LNK2038: '_ITERATOR_DEBUG_LEVEL'에 대해 불일치가 검색되었습니다. '0' 값이 '2'(filetobuf.obj에 위치) 값과 일치하지 않습니다.
BulletCollision.lib(btMiniSDF.obj) : error LNK2038: 'RuntimeLibrary'에 대해 불일치가 검색되었습니다. 'MD_DynamicRelease' 값이 'MDd_DynamicDebug'(filetobuf.obj에 위치) 값과 일치하지 않습니다.
BulletDynamics.lib(btDiscreteDynamicsWorld.obj) : error LNK2038: '_ITERATOR_DEBUG_LEVEL'에 대해 불일치가 검색되었습니다. '0' 값이 '2'(filetobuf.obj에 위치) 값과 일치하지 않습니다.
BulletDynamics.lib(btDiscreteDynamicsWorld.obj) : error LNK2038: 'RuntimeLibrary'에 대해 불일치가 검색되었습니다. 'MD_DynamicRelease' 값이 'MDd_DynamicDebug'(filetobuf.obj에 위치) 값과 일치하지 않습니다.
BulletDynamics.lib(btRigidBody.obj) : error LNK2038: '_ITERATOR_DEBUG_LEVEL'에 대해 불일치가 검색되었습니다. '0' 값이 '2'(filetobuf.obj에 위치) 값과 일치하지 않습니다.
BulletDynamics.lib(btRigidBody.obj) : error LNK2038: 'RuntimeLibrary'에 대해 불일치가 검색되었습니다. 'MD_DynamicRelease' 값이 'MDd_DynamicDebug'(filetobuf.obj에 위치) 값과 일치하지 않습니다.
BulletDynamics.lib(btSequentialImpulseConstraintSolver.obj) : error LNK2038: '_ITERATOR_DEBUG_LEVEL'에 대해 불일치가 검색되었습니다. '0' 값이 '2'(filetobuf.obj에 위치) 값과 일치하지 않습니다.
BulletDynamics.lib(btSequentialImpulseConstraintSolver.obj) : error LNK2038: 'RuntimeLibrary'에 대해 불일치가 검색되었습니다. 'MD_DynamicRelease' 값이 'MDd_DynamicDebug'(filetobuf.obj에 위치) 값과 일치하지 않습니다.
BulletDynamics.lib(btTypedConstraint.obj) : error LNK2038: '_ITERATOR_DEBUG_LEVEL'에 대해 불일치가 검색되었습니다. '0' 값이 '2'(filetobuf.obj에 위치) 값과 일치하지 않습니다.
BulletDynamics.lib(btTypedConstraint.obj) : error LNK2038: 'RuntimeLibrary'에 대해 불일치가 검색되었습니다. 'MD_DynamicRelease' 값이 'MDd_DynamicDebug'(filetobuf.obj에 위치) 값과 일치하지 않습니다.
BulletDynamics.lib(btConeTwistConstraint.obj) : error LNK2038: '_ITERATOR_DEBUG_LEVEL'에 대해 불일치가 검색되었습니다. '0' 값이 '2'(filetobuf.obj에 위치) 값과 일치하지 않습니다.
BulletDynamics.lib(btConeTwistConstraint.obj) : error LNK2038: 'RuntimeLibrary'에 대해 불일치가 검색되었습니다. 'MD_DynamicRelease' 값이 'MDd_DynamicDebug'(filetobuf.obj에 위치) 값과 일치하지 않습니다.
BulletDynamics.lib(btGeneric6DofConstraint.obj) : error LNK2038: '_ITERATOR_DEBUG_LEVEL'에 대해 불일치가 검색되었습니다. '0' 값이 '2'(filetobuf.obj에 위치) 값과 일치하지 않습니다.
BulletDynamics.lib(btGeneric6DofConstraint.obj) : error LNK2038: 'RuntimeLibrary'에 대해 불일치가 검색되었습니다. 'MD_DynamicRelease' 값이 'MDd_DynamicDebug'(filetobuf.obj에 위치) 값과 일치하지 않습니다.
LinearMath.lib(btConvexHullComputer.obj) : error LNK2038: '_ITERATOR_DEBUG_LEVEL'에 대해 불일치가 검색되었습니다. '0' 값이 '2'(filetobuf.obj에 위치) 값과 일치하지 않습니다.
LinearMath.lib(btConvexHullComputer.obj) : error LNK2038: 'RuntimeLibrary'에 대해 불일치가 검색되었습니다. 'MD_DynamicRelease' 값이 'MDd_DynamicDebug'(filetobuf.obj에 위치) 값과 일치하지 않습니다.
LinearMath.lib(btGeometryUtil.obj) : error LNK2038: '_ITERATOR_DEBUG_LEVEL'에 대해 불일치가 검색되었습니다. '0' 값이 '2'(filetobuf.obj에 위치) 값과 일치하지 않습니다.
LinearMath.lib(btGeometryUtil.obj) : error LNK2038: 'RuntimeLibrary'에 대해 불일치가 검색되었습니다. 'MD_DynamicRelease' 값이 'MDd_DynamicDebug'(filetobuf.obj에 위치) 값과 일치하지 않습니다.
BulletCollision.lib(btCollisionObject.obj) : error LNK2038: '_ITERATOR_DEBUG_LEVEL'에 대해 불일치가 검색되었습니다. '0' 값이 '2'(filetobuf.obj에 위치) 값과 일치하지 않습니다.
BulletCollision.lib(btCollisionObject.obj) : error LNK2038: 'RuntimeLibrary'에 대해 불일치가 검색되었습니다. 'MD_DynamicRelease' 값이 'MDd_DynamicDebug'(filetobuf.obj에 위치) 값과 일치하지 않습니다.
BulletCollision.lib(btCollisionWorld.obj) : error LNK2038: '_ITERATOR_DEBUG_LEVEL'에 대해 불일치가 검색되었습니다. '0' 값이 '2'(filetobuf.obj에 위치) 값과 일치하지 않습니다.
BulletCollision.lib(btCollisionWorld.obj) : error LNK2038: 'RuntimeLibrary'에 대해 불일치가 검색되었습니다. 'MD_DynamicRelease' 값이 'MDd_DynamicDebug'(filetobuf.obj에 위치) 값과 일치하지 않습니다.
BulletCollision.lib(btSimulationIslandManager.obj) : error LNK2038: '_ITERATOR_DEBUG_LEVEL'에 대해 불일치가 검색되었습니다. '0' 값이 '2'(filetobuf.obj에 위치) 값과 일치하지 않습니다.
BulletCollision.lib(btSimulationIslandManager.obj) : error LNK2038: 'RuntimeLibrary'에 대해 불일치가 검색되었습니다. 'MD_DynamicRelease' 값이 'MDd_DynamicDebug'(filetobuf.obj에 위치) 값과 일치하지 않습니다.
BulletCollision.lib(btBvhTriangleMeshShape.obj) : error LNK2038: '_ITERATOR_DEBUG_LEVEL'에 대해 불일치가 검색되었습니다. '0' 값이 '2'(filetobuf.obj에 위치) 값과 일치하지 않습니다.
BulletCollision.lib(btBvhTriangleMeshShape.obj) : error LNK2038: 'RuntimeLibrary'에 대해 불일치가 검색되었습니다. 'MD_DynamicRelease' 값이 'MDd_DynamicDebug'(filetobuf.obj에 위치) 값과 일치하지 않습니다.
BulletCollision.lib(btHeightfieldTerrainShape.obj) : error LNK2038: '_ITERATOR_DEBUG_LEVEL'에 대해 불일치가 검색되었습니다. '0' 값이 '2'(filetobuf.obj에 위치) 값과 일치하지 않습니다.
BulletCollision.lib(btHeightfieldTerrainShape.obj) : error LNK2038: 'RuntimeLibrary'에 대해 불일치가 검색되었습니다. 'MD_DynamicRelease' 값이 'MDd_DynamicDebug'(filetobuf.obj에 위치) 값과 일치하지 않습니다.
BulletCollision.lib(btUnionFind.obj) : error LNK2038: '_ITERATOR_DEBUG_LEVEL'에 대해 불일치가 검색되었습니다. '0' 값이 '2'(filetobuf.obj에 위치) 값과 일치하지 않습니다.
BulletCollision.lib(btUnionFind.obj) : error LNK2038: 'RuntimeLibrary'에 대해 불일치가 검색되었습니다. 'MD_DynamicRelease' 값이 'MDd_DynamicDebug'(filetobuf.obj에 위치) 값과 일치하지 않습니다.
BulletCollision.lib(btQuantizedBvh.obj) : error LNK2038: '_ITERATOR_DEBUG_LEVEL'에 대해 불일치가 검색되었습니다. '0' 값이 '2'(filetobuf.obj에 위치) 값과 일치하지 않습니다.
BulletCollision.lib(btQuantizedBvh.obj) : error LNK2038: 'RuntimeLibrary'에 대해 불일치가 검색되었습니다. 'MD_DynamicRelease' 값이 'MDd_DynamicDebug'(filetobuf.obj에 위치) 값과 일치하지 않습니다.
BulletCollision.lib(btOptimizedBvh.obj) : error LNK2038: '_ITERATOR_DEBUG_LEVEL'에 대해 불일치가 검색되었습니다. '0' 값이 '2'(filetobuf.obj에 위치) 값과 일치하지 않습니다.
BulletCollision.lib(btOptimizedBvh.obj) : error LNK2038: 'RuntimeLibrary'에 대해 불일치가 검색되었습니다. 'MD_DynamicRelease' 값이 'MDd_DynamicDebug'(filetobuf.obj에 위치) 값과 일치하지 않습니다.
LINK : warning LNK4098: 'MSVCRT' defaultlib가 다른 라이브러리와 충돌합니다. /NODEFAULTLIB:library를 사용하십시오.
C:\Users\neneee\computer_grapics-main\project_p\x64\Debug\a_29.exe : fatal error LNK1319: 84개의 불일치가 검색되었습니다.
