c:\users\neneee\computer_grapics-main\project_p\x64\debug\a_9.exe
c:\users\neneee\computer_grapics-main\project_p\x64\debug\a_9.pdb
c:\users\neneee\computer_grapics-main\project_p\a_9\x64\debug\vc143.pdb
c:\users\neneee\computer_grapics-main\project_p\a_9\x64\debug\vc143.idb
c:\users\neneee\computer_grapics-main\project_p\a_9\x64\debug\main.obj
c:\users\neneee\computer_grapics-main\project_p\a_9\x64\debug\filetobuf.obj
c:\users\neneee\computer_grapics-main\project_p\a_9\x64\debug\a_9.ilk
c:\mac\home\documents\computer_grapics\project_p\a_9\x64\debug\main.obj
c:\mac\home\documents\computer_grapics\project_p\a_9\x64\debug\filetobuf.obj
c:\mac\home\documents\computer_grapics\project_p\a_9\x64\debug\a_9.ilk
c:\mac\home\documents\computer_grapics\project_p\a_9\x64\debug\vc143.idb
c:\mac\home\documents\computer_grapics\project_p\a_9\x64\debug\vc143.pdb
c:\mac\home\documents\computer_grapics\project_p\x64\debug\a_9.pdb
c:\mac\home\documents\computer_grapics\project_p\x64\debug\a_9.exe
c:\mac\home\documents\computer_grapics\project_p\a_9\x64\debug\a_9.tlog\link.read.1.tlog
c:\mac\home\documents\computer_grapics\project_p\a_9\x64\debug\a_9.tlog\link.command.1.tlog
c:\mac\home\documents\computer_grapics\project_p\a_9\x64\debug\a_9.tlog\link.write.1.tlog
c:\mac\home\documents\computer_grapics\project_p\a_9\x64\debug\a_9.tlog\cl.read.1.tlog
c:\mac\home\documents\computer_grapics\project_p\a_9\x64\debug\a_9.tlog\link.secondary.1.tlog
c:\mac\home\documents\computer_grapics\project_p\a_9\x64\debug\a_9.tlog\cl.command.1.tlog
c:\mac\home\documents\computer_grapics\project_p\a_9\x64\debug\a_9.tlog\cl.write.1.tlog
c:\mac\home\documents\computer_grapics\project_p\a_9\x64\debug\a_9.tlog\cl.items.tlog
