c:\users\neneee\computer_grapics-main\project_p\x64\debug\opengl_template_v1.exe
c:\users\neneee\computer_grapics-main\project_p\x64\debug\opengl_template_v1.pdb
c:\users\neneee\computer_grapics-main\project_p\opengl_template_v1\x64\debug\vc143.pdb
c:\users\neneee\computer_grapics-main\project_p\opengl_template_v1\x64\debug\vc143.idb
c:\users\neneee\computer_grapics-main\project_p\opengl_template_v1\x64\debug\main.obj
c:\users\neneee\computer_grapics-main\project_p\opengl_template_v1\x64\debug\filetobuf.obj
c:\users\neneee\computer_grapics-main\project_p\opengl_template_v1\x64\debug\opengl_template_v1.ilk
c:\mac\home\documents\computer_grapics\project_p\opengl_template_v1\x64\debug\main.obj
c:\mac\home\documents\computer_grapics\project_p\opengl_template_v1\x64\debug\filetobuf.obj
c:\mac\home\documents\computer_grapics\project_p\opengl_template_v1\x64\debug\opengl_template_v1.ilk
c:\mac\home\documents\computer_grapics\project_p\opengl_template_v1\x64\debug\vc143.idb
c:\mac\home\documents\computer_grapics\project_p\opengl_template_v1\x64\debug\vc143.pdb
c:\mac\home\documents\computer_grapics\project_p\x64\debug\opengl_template_v1.pdb
c:\mac\home\documents\computer_grapics\project_p\x64\debug\opengl_template_v1.exe
c:\mac\home\documents\computer_grapics\project_p\opengl_template_v1\x64\debug\opengl_t.c42a7bf4.tlog\link.read.1.tlog
c:\mac\home\documents\computer_grapics\project_p\opengl_template_v1\x64\debug\opengl_t.c42a7bf4.tlog\link.command.1.tlog
c:\mac\home\documents\computer_grapics\project_p\opengl_template_v1\x64\debug\opengl_t.c42a7bf4.tlog\link.write.1.tlog
c:\mac\home\documents\computer_grapics\project_p\opengl_template_v1\x64\debug\opengl_t.c42a7bf4.tlog\cl.read.1.tlog
c:\mac\home\documents\computer_grapics\project_p\opengl_template_v1\x64\debug\opengl_t.c42a7bf4.tlog\link.secondary.1.tlog
c:\mac\home\documents\computer_grapics\project_p\opengl_template_v1\x64\debug\opengl_t.c42a7bf4.tlog\cl.command.1.tlog
c:\mac\home\documents\computer_grapics\project_p\opengl_template_v1\x64\debug\opengl_t.c42a7bf4.tlog\cl.write.1.tlog
c:\mac\home\documents\computer_grapics\project_p\opengl_template_v1\x64\debug\opengl_t.c42a7bf4.tlog\cl.items.tlog
