  filetobuf.cpp
  main.cpp
C:\Users\kevin\mine\computer_grapics\project_p\a_3dprac\main.cpp(55,5): warning C4065: switch문에 'default'가 있으나 'case' 레이블이 없습니다.
C:\Users\kevin\mine\computer_grapics\project_p\a_3dprac\main.cpp(137,56): warning C4267: '인수': 'size_t'에서 'GLsizei'(으)로 변환하면서 데이터가 손실될 수 있습니다.
main.obj : error LNK2001: 확인할 수 없는 외부 기호 __imp___glewEnableVertexAttribArray
main.obj : error LNK2001: 확인할 수 없는 외부 기호 __imp___glewBindVertexArray
main.obj : error LNK2001: 확인할 수 없는 외부 기호 __imp___glewUseProgram
main.obj : error LNK2001: 확인할 수 없는 외부 기호 __imp___glewVertexAttribPointer
main.obj : error LNK2001: 확인할 수 없는 외부 기호 __imp___glewGetShaderiv
main.obj : error LNK2001: 확인할 수 없는 외부 기호 __imp___glewCompileShader
main.obj : error LNK2001: 확인할 수 없는 외부 기호 __imp___glewCreateShader
main.obj : error LNK2001: 확인할 수 없는 외부 기호 __imp___glewBindBuffer
main.obj : error LNK2001: 확인할 수 없는 외부 기호 __imp___glewCreateProgram
main.obj : error LNK2001: 확인할 수 없는 외부 기호 __imp___glewGetShaderInfoLog
main.obj : error LNK2001: 확인할 수 없는 외부 기호 __imp___glewBufferData
main.obj : error LNK2001: 확인할 수 없는 외부 기호 __imp___glewAttachShader
main.obj : error LNK2001: 확인할 수 없는 외부 기호 __imp___glewShaderSource
main.obj : error LNK2001: 확인할 수 없는 외부 기호 __imp___glewGenVertexArrays
main.obj : error LNK2001: 확인할 수 없는 외부 기호 __imp_glewExperimental
main.obj : error LNK2001: 확인할 수 없는 외부 기호 __imp___glewGenBuffers
main.obj : error LNK2001: 확인할 수 없는 외부 기호 __imp___glewDeleteShader
main.obj : error LNK2001: 확인할 수 없는 외부 기호 __imp___glewLinkProgram
main.obj : error LNK2001: 확인할 수 없는 외부 기호 __imp_glewInit
C:\Users\kevin\mine\computer_grapics\project_p\x64\Release\a_3dprac.exe : fatal error LNK1120: 19개의 확인할 수 없는 외부 참조입니다.
