c:\users\neneee\computer_grapics-main\project_p\x64\debug\tex.exe
c:\users\neneee\computer_grapics-main\project_p\x64\debug\tex.pdb
c:\mac\home\documents\computer_grapics\project_p\x64\debug\tex.pdb
c:\users\neneee\computer_grapics-main\project_p\tex\x64\debug\vc143.pdb
c:\users\neneee\computer_grapics-main\project_p\tex\x64\debug\vc143.idb
c:\users\neneee\computer_grapics-main\project_p\tex\x64\debug\main.obj
c:\mac\home\documents\computer_grapics\project_p\tex\x64\debug\vc143.pdb
c:\mac\home\documents\computer_grapics\project_p\tex\x64\debug\tex.ilk
c:\mac\home\documents\computer_grapics\project_p\tex\x64\debug\main.obj
c:\mac\home\documents\computer_grapics\project_p\tex\x64\debug\filetobuf.obj
c:\mac\home\documents\computer_grapics\project_p\tex\x64\debug\vc143.idb
c:\mac\home\documents\computer_grapics\project_p\x64\debug\tex.exe
c:\mac\home\documents\computer_grapics\project_p\tex\x64\debug\tex.tlog\link.read.1.tlog
c:\mac\home\documents\computer_grapics\project_p\tex\x64\debug\tex.tlog\link.command.1.tlog
c:\mac\home\documents\computer_grapics\project_p\tex\x64\debug\tex.tlog\link.write.1.tlog
c:\mac\home\documents\computer_grapics\project_p\tex\x64\debug\tex.tlog\cl.read.1.tlog
c:\mac\home\documents\computer_grapics\project_p\tex\x64\debug\tex.tlog\link.secondary.1.tlog
c:\mac\home\documents\computer_grapics\project_p\tex\x64\debug\tex.tlog\cl.command.1.tlog
c:\mac\home\documents\computer_grapics\project_p\tex\x64\debug\tex.tlog\cl.write.1.tlog
c:\mac\home\documents\computer_grapics\project_p\tex\x64\debug\tex.tlog\cl.items.tlog
