  main.cpp
C:\Users\kevin\mine\computer_grapics\project_p\a_6\main.cpp(341,16): warning C4244: '=': 'double'에서 'GLfloat'(으)로 변환하면서 데이터가 손실될 수 있습니다.
C:\Users\kevin\mine\computer_grapics\project_p\a_6\main.cpp(342,16): warning C4244: '=': 'double'에서 'GLfloat'(으)로 변환하면서 데이터가 손실될 수 있습니다.
C:\Users\kevin\mine\computer_grapics\project_p\a_6\main.cpp(346,16): warning C4244: '=': 'double'에서 'GLfloat'(으)로 변환하면서 데이터가 손실될 수 있습니다.
C:\Users\kevin\mine\computer_grapics\project_p\a_6\main.cpp(347,16): warning C4244: '=': 'double'에서 'GLfloat'(으)로 변환하면서 데이터가 손실될 수 있습니다.
C:\Users\kevin\mine\computer_grapics\project_p\a_6\main.cpp(351,16): warning C4244: '=': 'double'에서 'GLfloat'(으)로 변환하면서 데이터가 손실될 수 있습니다.
C:\Users\kevin\mine\computer_grapics\project_p\a_6\main.cpp(352,16): warning C4244: '=': 'double'에서 'GLfloat'(으)로 변환하면서 데이터가 손실될 수 있습니다.
C:\Users\kevin\mine\computer_grapics\project_p\a_6\main.cpp(356,16): warning C4244: '=': 'double'에서 'GLfloat'(으)로 변환하면서 데이터가 손실될 수 있습니다.
C:\Users\kevin\mine\computer_grapics\project_p\a_6\main.cpp(357,16): warning C4244: '=': 'double'에서 'GLfloat'(으)로 변환하면서 데이터가 손실될 수 있습니다.
C:\Users\kevin\mine\computer_grapics\project_p\a_6\main.cpp(365,6): warning C4326: 'main'의 반환 형식이 'int'이어야 하는데 'void'입니다.
C:\Users\kevin\mine\computer_grapics\project_p\a_6\main.cpp(382,10): warning C4244: '초기화 중': 'double'에서 'int'(으)로 변환하면서 데이터가 손실될 수 있습니다.
C:\Users\kevin\mine\computer_grapics\project_p\a_6\main.cpp(386,17): warning C4244: '=': 'double'에서 'GLfloat'(으)로 변환하면서 데이터가 손실될 수 있습니다.
C:\Users\kevin\mine\computer_grapics\project_p\a_6\main.cpp(387,17): warning C4244: '=': 'double'에서 'GLfloat'(으)로 변환하면서 데이터가 손실될 수 있습니다.
C:\Users\kevin\mine\computer_grapics\project_p\a_6\main.cpp(388,17): warning C4244: '=': 'double'에서 'GLfloat'(으)로 변환하면서 데이터가 손실될 수 있습니다.
C:\Users\kevin\mine\computer_grapics\project_p\a_6\main.cpp(390,16): warning C4244: '초기화 중': 'double'에서 'GLfloat'(으)로 변환하면서 데이터가 손실될 수 있습니다.
C:\Users\kevin\mine\computer_grapics\project_p\a_6\main.cpp(391,19): warning C4244: '초기화 중': 'double'에서 'GLfloat'(으)로 변환하면서 데이터가 손실될 수 있습니다.
C:\Users\kevin\mine\computer_grapics\project_p\a_6\main.cpp(392,19): warning C4244: '초기화 중': 'double'에서 'GLfloat'(으)로 변환하면서 데이터가 손실될 수 있습니다.
main.obj : error LNK2001: 확인할 수 없는 외부 기호 __imp_glewExperimental
main.obj : error LNK2001: 확인할 수 없는 외부 기호 __imp_glewInit
C:\Users\kevin\mine\computer_grapics\project_p\x64\Release\a_6.exe : fatal error LNK1120: 2개의 확인할 수 없는 외부 참조입니다.
