c:\users\kevin\mine\computer_grapics\project_p\aa\x64\release\vc143.pdb
c:\users\kevin\mine\computer_grapics\project_p\aa\x64\release\main.obj
c:\users\kevin\mine\computer_grapics\project_p\aa\x64\release\filetobuf.obj
c:\users\neneee\computer_grapics-main\project_p\aa\x64\release\vc143.pdb
c:\users\neneee\computer_grapics-main\project_p\aa\x64\release\main.obj
c:\users\neneee\computer_grapics-main\project_p\aa\x64\release\filetobuf.obj
c:\users\neneee\computer_grapics-main\project_p\x64\release\aa.exe
c:\users\neneee\computer_grapics-main\project_p\x64\release\aa.pdb
c:\users\neneee\computer_grapics-main\project_p\aa\x64\release\aa.ipdb
c:\users\neneee\computer_grapics-main\project_p\aa\x64\release\aa.iobj
c:\users\kevin\mine\computer_grapics\project_p\aa\x64\release\aa.ipdb
c:\users\kevin\mine\computer_grapics\project_p\aa\x64\release\aa.iobj
c:\users\kevin\mine\computer_grapics\project_p\x64\release\aa.pdb
c:\users\kevin\mine\computer_grapics\project_p\x64\release\aa.exe
c:\users\kevin\mine\computer_grapics\project_p\aa\x64\release\aa.tlog\cl.command.1.tlog
c:\users\kevin\mine\computer_grapics\project_p\aa\x64\release\aa.tlog\cl.items.tlog
c:\users\kevin\mine\computer_grapics\project_p\aa\x64\release\aa.tlog\cl.read.1.tlog
c:\users\kevin\mine\computer_grapics\project_p\aa\x64\release\aa.tlog\cl.write.1.tlog
c:\users\kevin\mine\computer_grapics\project_p\aa\x64\release\aa.tlog\link.command.1.tlog
c:\users\kevin\mine\computer_grapics\project_p\aa\x64\release\aa.tlog\link.read.1.tlog
c:\users\kevin\mine\computer_grapics\project_p\aa\x64\release\aa.tlog\link.secondary.1.tlog
c:\users\kevin\mine\computer_grapics\project_p\aa\x64\release\aa.tlog\link.write.1.tlog
