  main.cpp
C:\Users\neneee\computer_grapics-main\project_p\opengl_template_v10\LoadObj.h(166,30): error C2039: 'push_back': 'std::unordered_map<std::string,Material,std::hash<std::string>,std::equal_to<std::string>,std::allocator<std::pair<const std::string,Material>>>'의 멤버가 아닙니다.
  (소스 파일 '../opengl_template_v10/main.cpp'을(를) 컴파일하는 중)
      C:\Program Files\Microsoft Visual Studio\2022\Community\VC\Tools\MSVC\14.41.34120\include\unordered_map(61,7):
      'std::unordered_map<std::string,Material,std::hash<std::string>,std::equal_to<std::string>,std::allocator<std::pair<const std::string,Material>>>' 선언을 참조하십시오.
  
C:\Users\neneee\computer_grapics-main\project_p\opengl_template_v10\LoadObj.h(167,43): error C2039: 'back': 'std::unordered_map<std::string,Material,std::hash<std::string>,std::equal_to<std::string>,std::allocator<std::pair<const std::string,Material>>>'의 멤버가 아닙니다.
  (소스 파일 '../opengl_template_v10/main.cpp'을(를) 컴파일하는 중)
      C:\Program Files\Microsoft Visual Studio\2022\Community\VC\Tools\MSVC\14.41.34120\include\unordered_map(61,7):
      'std::unordered_map<std::string,Material,std::hash<std::string>,std::equal_to<std::string>,std::allocator<std::pair<const std::string,Material>>>' 선언을 참조하십시오.
  
C:\Users\neneee\computer_grapics-main\project_p\opengl_template_v10\DefaultModel.h(50,52): error C2679: 이항 '[': 오른쪽 피연산자로 'int' 형식을 사용하는 연산자가 없거나 허용되는 변환이 없습니다.
  (소스 파일 '../opengl_template_v10/main.cpp'을(를) 컴파일하는 중)
      C:\Program Files\Microsoft Visual Studio\2022\Community\VC\Tools\MSVC\14.41.34120\include\unordered_map(432,18):
      'Material &std::unordered_map<std::string,Material,std::hash<std::string>,std::equal_to<std::string>,std::allocator<std::pair<const std::string,Material>>>::operator [](const std::basic_string<char,std::char_traits<char>,std::allocator<char>> &)'일 수 있습니다.
          C:\Users\neneee\computer_grapics-main\project_p\opengl_template_v10\DefaultModel.h(50,52):
          'Material &std::unordered_map<std::string,Material,std::hash<std::string>,std::equal_to<std::string>,std::allocator<std::pair<const std::string,Material>>>::operator [](const std::basic_string<char,std::char_traits<char>,std::allocator<char>> &)': 인수 2을(를) 'int'에서 'const std::basic_string<char,std::char_traits<char>,std::allocator<char>> &'(으)로 변환할 수 없습니다.
              C:\Users\neneee\computer_grapics-main\project_p\opengl_template_v10\DefaultModel.h(50,64):
              원인: 'int'에서 'const std::basic_string<char,std::char_traits<char>,std::allocator<char>>'(으)로 변환할 수 없습니다.
              C:\Users\neneee\computer_grapics-main\project_p\opengl_template_v10\DefaultModel.h(50,64):
              'std::basic_string<char,std::char_traits<char>,std::allocator<char>>::basic_string': 모든 인수 형식을 변환할 수 있는 오버로드된 함수가 없습니다.
                  C:\Program Files\Microsoft Visual Studio\2022\Community\VC\Tools\MSVC\14.41.34120\include\xstring(762,5):
                  'std::basic_string<char,std::char_traits<char>,std::allocator<char>>::basic_string(std::nullptr_t)'일 수 있습니다.
                      C:\Users\neneee\computer_grapics-main\project_p\opengl_template_v10\DefaultModel.h(50,64):
                      'std::basic_string<char,std::char_traits<char>,std::allocator<char>>::basic_string(std::nullptr_t)': 인수 1을(를) 'int'에서 'std::nullptr_t'(으)로 변환할 수 없습니다.
                          C:\Users\neneee\computer_grapics-main\project_p\opengl_template_v10\DefaultModel.h(50,64):
                          null 포인터 상수만 nullptr_t로 변환할 수 있습니다.
                  C:\Program Files\Microsoft Visual Studio\2022\Community\VC\Tools\MSVC\14.41.34120\include\xstring(749,5):
                  또는       'std::basic_string<char,std::char_traits<char>,std::allocator<char>>::basic_string(const _Elem *const )'
          with
          [
              _Elem=char
          ]
                      C:\Users\neneee\computer_grapics-main\project_p\opengl_template_v10\DefaultModel.h(50,64):
                      'std::basic_string<char,std::char_traits<char>,std::allocator<char>>::basic_string(const _Elem *const )': 인수 1을(를) 'int'에서 'const _Elem *const '(으)로 변환할 수 없습니다.
          with
          [
              _Elem=char
          ]
                          C:\Users\neneee\computer_grapics-main\project_p\opengl_template_v10\DefaultModel.h(50,64):
                          정수 계열 형식에서 포인터 형식으로 변환하려면 reinterpret_cast, C 스타일 캐스트 또는 괄호가 있는 함수 스타일 캐스트가 필요합니다.
                  C:\Program Files\Microsoft Visual Studio\2022\Community\VC\Tools\MSVC\14.41.34120\include\xstring(1327,5):
                  또는       'std::basic_string<char,std::char_traits<char>,std::allocator<char>>::basic_string(std::initializer_list<_Elem>,const _Alloc &)'
          with
          [
              _Elem=char,
              _Alloc=std::allocator<char>
          ]
                      C:\Users\neneee\computer_grapics-main\project_p\opengl_template_v10\DefaultModel.h(50,64):
                      'std::basic_string<char,std::char_traits<char>,std::allocator<char>>::basic_string(std::initializer_list<_Elem>,const _Alloc &)': 인수 1을(를) 'int'에서 'std::initializer_list<_Elem>'(으)로 변환할 수 없습니다.
          with
          [
              _Elem=char,
              _Alloc=std::allocator<char>
          ]
          and
          [
              _Elem=char
          ]
                          C:\Users\neneee\computer_grapics-main\project_p\opengl_template_v10\DefaultModel.h(50,64):
                          변환하려면 둘째 사용자 정의 변환 연산자 또는 생성자가 있어야 합니다.
                  C:\Program Files\Microsoft Visual Studio\2022\Community\VC\Tools\MSVC\14.41.34120\include\xstring(1138,5):
                  또는       'std::basic_string<char,std::char_traits<char>,std::allocator<char>>::basic_string(const _Ty &,const unsigned __int64,const unsigned __int64,const _Alloc &)'
          with
          [
              _Alloc=std::allocator<char>
          ]
                  C:\Program Files\Microsoft Visual Studio\2022\Community\VC\Tools\MSVC\14.41.34120\include\xstring(992,5):
                  또는       'std::basic_string<char,std::char_traits<char>,std::allocator<char>>::basic_string(std::from_range_t,_Rng &&,const _Alloc &)'
          with
          [
              _Alloc=std::allocator<char>
          ]
                  C:\Program Files\Microsoft Visual Studio\2022\Community\VC\Tools\MSVC\14.41.34120\include\xstring(779,5):
                  또는       'std::basic_string<char,std::char_traits<char>,std::allocator<char>>::basic_string(_Iter,_Iter,const _Alloc &)'
          with
          [
              _Alloc=std::allocator<char>
          ]
                  C:\Program Files\Microsoft Visual Studio\2022\Community\VC\Tools\MSVC\14.41.34120\include\xstring(773,5):
                  또는       'std::basic_string<char,std::char_traits<char>,std::allocator<char>>::basic_string(const unsigned __int64,const _Elem,const _Alloc &)'
          with
          [
              _Elem=char,
              _Alloc=std::allocator<char>
          ]
                  C:\Program Files\Microsoft Visual Studio\2022\Community\VC\Tools\MSVC\14.41.34120\include\xstring(756,5):
                  또는       'std::basic_string<char,std::char_traits<char>,std::allocator<char>>::basic_string(const _Elem *const ,const _Alloc &)'
          with
          [
              _Elem=char,
              _Alloc=std::allocator<char>
          ]
                  C:\Program Files\Microsoft Visual Studio\2022\Community\VC\Tools\MSVC\14.41.34120\include\xstring(743,5):
                  또는       'std::basic_string<char,std::char_traits<char>,std::allocator<char>>::basic_string(const _Elem *const ,const unsigned __int64,const _Alloc &)'
          with
          [
              _Elem=char,
              _Alloc=std::allocator<char>
          ]
                  C:\Users\neneee\computer_grapics-main\project_p\opengl_template_v10\DefaultModel.h(50,64):
                  인수 목록 '(int)'을(를) 일치시키는 동안
      C:\Program Files\Microsoft Visual Studio\2022\Community\VC\Tools\MSVC\14.41.34120\include\unordered_map(259,18):
      또는       'Material &std::unordered_map<std::string,Material,std::hash<std::string>,std::equal_to<std::string>,std::allocator<std::pair<const std::string,Material>>>::operator [](std::basic_string<char,std::char_traits<char>,std::allocator<char>> &&)'
          C:\Users\neneee\computer_grapics-main\project_p\opengl_template_v10\DefaultModel.h(50,52):
          'Material &std::unordered_map<std::string,Material,std::hash<std::string>,std::equal_to<std::string>,std::allocator<std::pair<const std::string,Material>>>::operator [](std::basic_string<char,std::char_traits<char>,std::allocator<char>> &&)': 인수 2을(를) 'int'에서 'std::basic_string<char,std::char_traits<char>,std::allocator<char>> &&'(으)로 변환할 수 없습니다.
              C:\Users\neneee\computer_grapics-main\project_p\opengl_template_v10\DefaultModel.h(50,64):
              원인: 'int'에서 'std::basic_string<char,std::char_traits<char>,std::allocator<char>>'(으)로 변환할 수 없습니다.
              C:\Users\neneee\computer_grapics-main\project_p\opengl_template_v10\DefaultModel.h(50,64):
              'std::basic_string<char,std::char_traits<char>,std::allocator<char>>::basic_string': 모든 인수 형식을 변환할 수 있는 오버로드된 함수가 없습니다.
                  C:\Program Files\Microsoft Visual Studio\2022\Community\VC\Tools\MSVC\14.41.34120\include\xstring(762,5):
                  'std::basic_string<char,std::char_traits<char>,std::allocator<char>>::basic_string(std::nullptr_t)'일 수 있습니다.
                      C:\Users\neneee\computer_grapics-main\project_p\opengl_template_v10\DefaultModel.h(50,64):
                      'std::basic_string<char,std::char_traits<char>,std::allocator<char>>::basic_string(std::nullptr_t)': 인수 1을(를) 'int'에서 'std::nullptr_t'(으)로 변환할 수 없습니다.
                          C:\Users\neneee\computer_grapics-main\project_p\opengl_template_v10\DefaultModel.h(50,64):
                          null 포인터 상수만 nullptr_t로 변환할 수 있습니다.
                  C:\Program Files\Microsoft Visual Studio\2022\Community\VC\Tools\MSVC\14.41.34120\include\xstring(749,5):
                  또는       'std::basic_string<char,std::char_traits<char>,std::allocator<char>>::basic_string(const _Elem *const )'
          with
          [
              _Elem=char
          ]
                      C:\Users\neneee\computer_grapics-main\project_p\opengl_template_v10\DefaultModel.h(50,64):
                      'std::basic_string<char,std::char_traits<char>,std::allocator<char>>::basic_string(const _Elem *const )': 인수 1을(를) 'int'에서 'const _Elem *const '(으)로 변환할 수 없습니다.
          with
          [
              _Elem=char
          ]
                          C:\Users\neneee\computer_grapics-main\project_p\opengl_template_v10\DefaultModel.h(50,64):
                          정수 계열 형식에서 포인터 형식으로 변환하려면 reinterpret_cast, C 스타일 캐스트 또는 괄호가 있는 함수 스타일 캐스트가 필요합니다.
                  C:\Program Files\Microsoft Visual Studio\2022\Community\VC\Tools\MSVC\14.41.34120\include\xstring(1327,5):
                  또는       'std::basic_string<char,std::char_traits<char>,std::allocator<char>>::basic_string(std::initializer_list<_Elem>,const _Alloc &)'
          with
          [
              _Elem=char,
              _Alloc=std::allocator<char>
          ]
                      C:\Users\neneee\computer_grapics-main\project_p\opengl_template_v10\DefaultModel.h(50,64):
                      'std::basic_string<char,std::char_traits<char>,std::allocator<char>>::basic_string(std::initializer_list<_Elem>,const _Alloc &)': 인수 1을(를) 'int'에서 'std::initializer_list<_Elem>'(으)로 변환할 수 없습니다.
          with
          [
              _Elem=char,
              _Alloc=std::allocator<char>
          ]
          and
          [
              _Elem=char
          ]
                          C:\Users\neneee\computer_grapics-main\project_p\opengl_template_v10\DefaultModel.h(50,64):
                          변환하려면 둘째 사용자 정의 변환 연산자 또는 생성자가 있어야 합니다.
                  C:\Program Files\Microsoft Visual Studio\2022\Community\VC\Tools\MSVC\14.41.34120\include\xstring(1138,5):
                  또는       'std::basic_string<char,std::char_traits<char>,std::allocator<char>>::basic_string(const _Ty &,const unsigned __int64,const unsigned __int64,const _Alloc &)'
          with
          [
              _Alloc=std::allocator<char>
          ]
                  C:\Program Files\Microsoft Visual Studio\2022\Community\VC\Tools\MSVC\14.41.34120\include\xstring(992,5):
                  또는       'std::basic_string<char,std::char_traits<char>,std::allocator<char>>::basic_string(std::from_range_t,_Rng &&,const _Alloc &)'
          with
          [
              _Alloc=std::allocator<char>
          ]
                  C:\Program Files\Microsoft Visual Studio\2022\Community\VC\Tools\MSVC\14.41.34120\include\xstring(779,5):
                  또는       'std::basic_string<char,std::char_traits<char>,std::allocator<char>>::basic_string(_Iter,_Iter,const _Alloc &)'
          with
          [
              _Alloc=std::allocator<char>
          ]
                  C:\Program Files\Microsoft Visual Studio\2022\Community\VC\Tools\MSVC\14.41.34120\include\xstring(773,5):
                  또는       'std::basic_string<char,std::char_traits<char>,std::allocator<char>>::basic_string(const unsigned __int64,const _Elem,const _Alloc &)'
          with
          [
              _Elem=char,
              _Alloc=std::allocator<char>
          ]
                  C:\Program Files\Microsoft Visual Studio\2022\Community\VC\Tools\MSVC\14.41.34120\include\xstring(756,5):
                  또는       'std::basic_string<char,std::char_traits<char>,std::allocator<char>>::basic_string(const _Elem *const ,const _Alloc &)'
          with
          [
              _Elem=char,
              _Alloc=std::allocator<char>
          ]
                  C:\Program Files\Microsoft Visual Studio\2022\Community\VC\Tools\MSVC\14.41.34120\include\xstring(743,5):
                  또는       'std::basic_string<char,std::char_traits<char>,std::allocator<char>>::basic_string(const _Elem *const ,const unsigned __int64,const _Alloc &)'
          with
          [
              _Elem=char,
              _Alloc=std::allocator<char>
          ]
                  C:\Users\neneee\computer_grapics-main\project_p\opengl_template_v10\DefaultModel.h(50,64):
                  인수 목록 '(int)'을(를) 일치시키는 동안
      C:\Users\neneee\computer_grapics-main\project_p\opengl_template_v10\DefaultModel.h(50,52):
      인수 목록 '(std::unordered_map<std::string,Material,std::hash<std::string>,std::equal_to<std::string>,std::allocator<std::pair<const std::string,Material>>>, int)'을(를) 일치시키는 동안
  
C:\Users\neneee\computer_grapics-main\project_p\opengl_template_v10\DefaultModel.h(50,46): error C2530: 'material': 참조를 초기화해야 합니다.
  (소스 파일 '../opengl_template_v10/main.cpp'을(를) 컴파일하는 중)
  
C:\Users\neneee\computer_grapics-main\project_p\opengl_template_v10\DefaultModel.h(183,26): error C2039: 'hasTexture': 'std::pair<const std::string,Material>'의 멤버가 아닙니다.
  (소스 파일 '../opengl_template_v10/main.cpp'을(를) 컴파일하는 중)
      C:\Program Files\Microsoft Visual Studio\2022\Community\VC\Tools\MSVC\14.41.34120\include\utility(219,8):
      'std::pair<const std::string,Material>' 선언을 참조하십시오.
  
C:\Users\neneee\computer_grapics-main\project_p\opengl_template_v10\DefaultModel.h(185,55): error C2039: 'textureID': 'std::pair<const std::string,Material>'의 멤버가 아닙니다.
  (소스 파일 '../opengl_template_v10/main.cpp'을(를) 컴파일하는 중)
      C:\Program Files\Microsoft Visual Studio\2022\Community\VC\Tools\MSVC\14.41.34120\include\utility(219,8):
      'std::pair<const std::string,Material>' 선언을 참조하십시오.
  
C:\Users\neneee\computer_grapics-main\project_p\opengl_template_v10\DefaultModel.h(185,17): error C2660: 'glBindTexture': 함수는 1개의 인수를 사용하지 않습니다.
  (소스 파일 '../opengl_template_v10/main.cpp'을(를) 컴파일하는 중)
      C:\Program Files (x86)\Windows Kits\10\Include\10.0.22621.0\um\gl\glew.h(867,23):
      'glBindTexture' 선언을 참조하십시오.
      C:\Users\neneee\computer_grapics-main\project_p\opengl_template_v10\DefaultModel.h(185,17):
      인수 목록 '(int)'을(를) 일치시키는 동안
  
